[    0.000000] Linux vesion .15.0-58-enerc (buildd@lcy0-amd6-013) gcc vrsion 7.4.0 (Ubuntu 74.0-ubuntu1~18.04.1)) #64-Ubuntu SMP Tue Aug 6 11:12:41 UTC 2019 (Ubuntu 4.15.0-58.64-generic 4.15.18)
[    0.000000] Command line: BOOT_IMAGE=/boot/vmlinuz-4.15.0-58-generic root=UUID=84b68602-df36-4d56-8934-50dd3bedf7f8 ro console=tty1 console=ttyS0
[    0.000000] KERNEL supported cpus:
[    0.000000]   Intel GenuineIntel
[    0.000000]   AMD AuthenticAMD
[    0.000000]   Centaur CentaurHauls
[    0.000000] x86/fpu: Supporting XSAVE feature 0x001: 'x87 floating point registers'
[    0.000000] x86/fpu: Supporting XSAVE feature 0x002: 'SSE registers'
[    0.000000] x86/fpu: Supporting XSAVE feature 0x004: 'AVX registers'
[    0.000000] x86/fpu: xstate_offset[2]:  576, xstate_sizes[2]:  256
[    0.000000] x86/fpu: Enabled xstate features 0x7, context size is 832 bytes, using 'standard' format.
[    0.000000] e820: BIOS-provided physical RAM map:
[    0.000000] BIOS-e820: [mem 0x0000000000000000-0x000000000009fbff] usable
[    0.000000] BIOS-e820: [mem 0x000000000009fc00-0x000000000009ffff] reserved
[    0.000000] BIOS-e820: [mem 0x00000000000f0000-0x00000000000fffff] reserved
[    0.000000] BIOS-e820: [mem 0x0000000000100000-0x000000003ffeffff] usable
[    0.000000] BIOS-e820: [mem 0x000000003fff0000-0x000000003fffffff] ACPI data
[    0.000000] BIOS-e820: [mem 0x00000000fec00000-0x00000000fec00fff] reserved
[    0.000000] BIOS-e820: [mem 0x00000000fee00000-0x00000000fee00fff] reserved
[    0.000000] BIOS-e820: [mem 0x00000000fffc0000-0x00000000ffffffff] reserved
[    0.000000] NX (Execute Disable) protection: active
[    0.000000] SMBIOS 2.5 present.
[    0.000000] DMI: innotek GmbH VirtualBox/VirtualBox, BIOS VirtualBox 12/01/2006
[    0.000000] Hypervisor detected: KVM
[    0.000000] e820: last_pfn = 0x3fff0 max_arch_pfn = 0x400000000
[    0.000000] MTRR: Disabled
[    0.000000] x86/PAT: MTRRs disabled, skipping PAT initialization too.
[    0.000000] CPU MTRRs all lank - virtualized sytem.
[    0.00000] x86/PAT: onfiguration [0-7]: WB  W  UC- UC  WB WT  UC-UC  
[    000000] found SM MP-tabe at [mem 0x0009fff0-0x009ffff mapped at [        (ptrval]
[   0.00000] Sanning 1 ares for ow memory corrupton
[    .000000] RAMDISK: [mem 0x35981000-0x36cb7fff]
[    0.000000]ACPI:Early table checkumverificaion dsabled[    0.00000] ACPI: SDP 0x0000000000E000 000024 (v02 VBOX  )
[    .000000]ACPI: XSDT 0000000003FFF0030 00003C (v01 VBOX   VBOXXSDT 00000001 ASL  00000061)
[    0.000000] ACPI: FACP 0x000000003FFF00F0 0000F4 (v04 VBOX   VBOXFACP 00000001 ASL  00000061)
[    0.000000] ACPI: DSDT 0x000000003FFF0470 0021FF (v02 VBOX   VBOXBIOS 00000002 INTL 20100528)
[    0.000000] ACPI: FACS 0x000000003FFF0200 000040
[    0.000000] ACPI: FACS 0x000000003FFF0200 000040
[    0.000000] ACPI: APIC 0x000000003FFF0240 00005C (v02 VBOX   VBOXAPIC 000000001 ASL  00000061)
[    0.000000] ACPI: SSDT 0x000000003FFF02A0 0001CC (v01 VBOX   VBOXCPUT 00000002 INTL 20100528)
[    0.000000] No NUMA configuration found
[    0.000000] Faking a node at [mem 0x0000000000000000-0x00000003ffeffff]
[    0.000000] NODE_DATA(0) allocated [mem 0x3ffc5000-0x3ffeffff]
[    0.000000] kvm-clock: cpu 0, msr 0:3ff44001, primary cpu clock
[   0.000000] kvm-clock Uing msrs 4b564d01 and 4b54d00
    0.00000]kvm-clock: singsched ofset of4123067205 cycles
[   0.00000] clockouce: kvm-clock: mask 0xfffffffffffffff max_cycls: 01cd42e4dffb, max_dle_ns: 81590591483 ns
[    000000] Zone ranges:
[    0.000000]  DMA     [mem 0x0000000000001000-0x0000000000ffffff]
[    0.00000]  DMA32    [mem 0x00000000100000-0x00000000ffefff]
[    0.0000000]  Noral   empty
[    0.000000]  Device   empty
[    0.000000] Movale zone sart for each noe
[    .000000] Early memory node ranges
[    0.000000]   node   0: [mem 0x0000000000001000-0x000000000009efff]
[    0.000000]   node   0: [mem 0x0000000000100000-0x000000003ffeffff]
[    0.000000] Resved but unavailable: 98 pages
[    000000] Initmem setup node 0 mem 0x000000000010000x00000000ffeffff]
[    0.000000] API PM-Timer IO Port: 0x4008
[    0000000] IOAPIC[0]: apc_id , version 32, addres xfec00000, GS 0-23
[    0.00000] ACPI:INT_SRC_OVR bus 0 bus_irq 0 global_irq 2 dfl dfl)
[    0.00000] ACPI: INT_SRC_OVR (bu 0 bus_irq 9 global_irq 9 ow lvel)
[   0.00000] Using ACPI (ADT) fr SMP coniguratin information
[    0.000000] smpbot: Allowing 2 CPs, 0 htplug CPUs
[   0.00000] PM: Registere nosave memory: [mem 0x0000000-0x00000fff]
[    0.000000] PM: Registered nosave memory: [mem 0x0009f000-0x0009ffff]
[    0.000000] PM: Registered nosave memory: [mem 0x000a0000-0x000effff]
[    0.000000] PM: Registered nosave memory: [mem 0x000f0000-0x000fffff]
[    0.000000] e820: [mem 0x40000000-0xfebfffff] available for PCI devices
[    0.000000] Booting paravirttualized kernel on KVM
[    0.000000] clocksource: refined-jiffies: mask: 0xffffffff max_cycles: 0xffffffff, max_idle_ns: 7645519600211568 ns
[    0.000000] random: get_random_bytes called from start_kernel+0x99/0x4fd with crng_init=0
[    0.000000] setup_percpu: NR_CPUS:8192 nr_cpumask_bits:2 nr_cpu_ids:2 nr_node_ids:1
[    0.000000] percpu: Embedded 46 pages/cpu @        (ptrval) s151552 r8192 d28672 u1048576
[    0.000000] PV qspinlock hash table entries: 256 (order: 0, 4096 bytes)
[    0.000000] Built 1 zonelists, mobility grouping on.  Total pages: 257913
[    0.000000] Policy zone: DMA32
[    0.000000] Kernel command line: BOOT_IMAGE=/boot/vmlinuz-4.15.0-58-generic root=UUID=84b68602-df36-4d56-8934-50dd3bedf7f8 ro console=tty1 console=ttyS0
[    0.000000] Memory: 982920K/1048120K available (12300K kernel code, 2478K rwdata, 4280K rodata, 2424K init, 2384K bss, 65200K reserved, 0K cma-reserved)
[    0.000000] SLUB: HWalign=64, Order=0-3, MinObjects=0, CPUs=2, Nodes=1
[    0.000000] Kernel/User page tables isolation: enabled
[    0.000000] ftrace: allocating 39243 entries in 154 pages
[    0.004000] Hierarchical RCU implementation.
[    0.004000] 	RCU restricting CPUs from NR_CPUS=8192 to nr_cpu_ids=2.
[    0.004000] 	Tasks RCU enabled.
[    0.004000 RCU: Adjustin geoetry for rcu_fanout_lea=16, nr_cu_ids=2
[   0.00000] NR_IRQS: 52454, nr_irqs: 40, reallocated irqs 16
[   0.004000] Console: colour VGA+ 80x25
[    0.004000] console [tty1] enabled
[    0.004000] console [ttyS0] enabled
[    0.004000] ACPI: Core revision 20170831
[    0.004000] ACPI: 2 ACPI AML tables successfully acquiredand loaded
[    0.04000] APIC: Switch to symmetric I/O mode setup
[    0.004263] x2apic enabled
[    0.008005] Switched APIC routing to physical x2apic.
[    0.012953] ..TIMER: vector=0x30 apic1=0 pin1=2 apic2=-1 pin2=-1
[    0.016003] tsc: Detected 2194.914 MHz processor
[    0.020013] Calibrating delay loop (skipped) preset value.. 4389.82 BogoMIPS (lpj=8779656)
[    0.024005] pid_max: default: 32768 minimum: 301
[    0.028040] Security Framework initialized
[    0.032006] Yama: becoming mindful.
[    0.036034] AppArmor: AppArmor initialized
[    0.041556] Dentry cache hash table entries: 131072 (order: 8, 1048576 bytes)
[    0.044075] Inode-cache hash table entries: 65536 (order: 7, 524288 bytes)
[    0.048020] Mount-cache hash table entries: 2048 (order: 2, 16384 bytes)
[    0.052012] Mountpoint-cache hash table entries: 2048 (order: 2, 16384 bytes)
[    0.056234] mce: CPU supports 0 MCE banks
[    0.060020] Last level iTLB entries: 4KB 1024, 2MB 1024, 4MB 1024
[    0.064004] Last level dTLB entries: 4KB 1024, 2MB 1024, 4MB 1024, 1GB 4
[    0.068009] Spectre V1 : Mitigation: usercopy/swapgs barriers and __user pointer sanitization
[    0.072004] Spectre V2 : Mitigation: Full generic retpoline
[    0.073720] Spectre V2 : Spectre v2 / SpectreRSB mitigation: Filling RSB on context switch
[    0.076004] Speculative Store Bypass: Vulnerable
[    0.077774] MDS: Vulnerable: Clear CPU buffers attempted, no microcode
[    0.080095] Freeing SMP alternatives memory: 36K
[    0.088000] smpboot: CPU0: Intel(R) Core(TM) i7-4770HQ CPU @ 2.20GHz (family: 0x6, model: 0x46, stepping: 0x1)
[    0.088103] Performance Events: unsupported p6 CPU model 70 no PMU driver, software events only.
[    0.092047] Hierarchical SRCU implementation.
[    0.096599] NMI watchdog: Perf event create on CPU 0 failed with -2
[    0.100003] NMI watchdog: Perf NMI watchdog permanently disabled
[    0.104063] smp: Bringing up secondary CPUs ...
[    0.108107] x86: Booting SMP configuration:
[    0.112005] .... node  #0, CPUs:      #1
[    0.004000] kvm-clock: cpu 1, msr 0:3ff44041, secondary cpu clock
[    0.004000] mce: CPU supports 0 MCE banks
[    0.178139] smp: Brought up 1 node, 2 CPUs
[    0.180007] smpboot: Max logical packages: 1
[    0.184005] smpboot: Total of 2 processors activated (8779.65 BogoMIPS)
[    0.188156] devtmpfs: initialized
[    0.192059] x86/mm: Memory block size: 128MB
[    0.196150] evm: security.selinux
[    0.200006] evm: security.SMACK64
[    0.204003] evm: security.SMACK64EXEC
[    0.208003] evm: security.SMACK64TRANSMUTE
[    0.212003] evm: security.SMACK64MMAP
[    0.216003] evm: security.apparmor
[    0.220003] evm: security.ima
[    0.224003] evm: security.capability
[    0.232110] clocksource: jiffies: mask: 0xffffffff max_cycles: 0xffffffff, max_idle_ns: 7645041785100000 ns
[    0.236010] futex hash table entries: 512 (order: 3, 32768 bytes)
[    0.240079] pinctrl core: initialized pinctrl subsystem
[    0.248113] RTC time: 12:49:03, date: 09/03/19
[    0.252191] NET: Registered protocol family 16
[    0.256202] audit: initializing netlink subsys (disabled)
[    0.264045] audit: type=2000 audit(1567514944.071:1): state=initialized audit_enabled=0 res=1
[    0.296009] cpuidle: using governor ladder
[    0.300012] cpuidle: using governor menu
[    0.304048] ACPI: bus type PCI registered
[    0.308004] acpiphp: ACPI Hot Plug PCI Controller Driver version: 0.5
[    0.312137] PCI: Using configuration type 1 for base access
[    0.320059] HugeTLB registered 2.00 MiB page size, pre-allocated 0 pages
[    0.324105] ACPI: Added _OSI(Module Device)
[    0.328009] ACPI: Added _OSI(Processor Device)
[    0.332011] ACPI: Added _OSI(3.0 _SCP Extensions)
[    0.336009] ACPI: Added _OSI(Processor Aggregator Device)
[    0.340008] ACPI: Added _OSI(Linux-Dell-Video)
[    0.344012] ACPI: Added _OSI(Linux-Lenovo-NV-HDMI-Audio)
[    0.348008] ACPI: Added _OSI(Linux-HPI-Hybrid-Graphics)
[    0.352541] ACPI: Executed 1 blocks of module-level executable AML code
[    0.360411] ACPI: Interpreter enabled
[    0.361672] ACPI: (supports S0 S5)
[    0.362744] ACPI: Using IOAPIC for interrupt routing
[    0.364303] PCI: Using host bridge windows from ACPI; if necessary, use "pci=nocrs" and report a bug
[    0.367206] ACPI: Enabled 2 GPEs in block 00 to 07
[    0.375729] ACPI: PCI Root Bridge [PCI0] (domain 0000 [bus 00-ff])
[    0.376010] acpi PNP0A03:00: _OSC: OS supports [ASPM ClockPM Segments MSI]
[    0.380041] acpi PNP0A03:00: _OSC: not requesting OS control; OS requires [ExtendedConfig ASPM ClockPM MSI]
[    0.384017] acpi PNP0A03:00: fail to add MMCONFIG information, can't access extended PCI configuration space under this bridge.
[    0.388630] PCI host bridge to bus 0000:00
[    0.389939] pci_bus 0000:00: root bus resource [io  0x0000-0x0cf7 window]
[    0.392005] pci_bus 0000:00: root bus resource [io  0x0d00-0xffff window]
[    0.396005] pci_bus 0000:00: root bus resource [mem 0x000a0000-0x000bffff window]
[    0.397795] pci_bus 0000:00: root bus resource [mem 0x40000000-0xfdffffff window]
[    0.399589] pci_bus 0000:00: root bus resource [bus 00-ff]
[    0.404600] pci 0000:00:01.1: legacy IDE quirk: reg 0x10: [io  0x01f0-0x01f7]
[    0.408007] pci 0000:00:01.1: legacy IDE quirk: reg 0x14: [io  0x03f6]
[    0.412006] pci 0000:00:01.1: legacy IDE quirk: reg 0x18: [io  0x0170-0x0177]
[    0.416006] pci 0000:00:01.1: legacy IDE quirk: reg 0x1c: [io  0x0376]
[    0.439307] pci 0000:00:07.0: quirk: [io  0x4000-0x403f] claimed by PIIX4 ACPI
[    0.440056] pci 0000:00:07.0: quirk: [io  0x4100-0x410f] claimed by PIIX4 SMB
[    0.458047] ACPI: PCI Interrupt Link [LNKA] (IRQs 5 9 10 *11)
[    0.460338] ACPI: PCI Interrupt Link [LNKB] (IRQs 5 9 *10 11)
[    0.464154] ACPI: PCI Interrupt Link [LNKC] (IRQs 5 *9 10 11)
[    0.468163] ACPI: PCI Interrupt Link [LNKD] (IRQs 5 9 10 *11)
[    0.472448] SCSI subsystem initialized
[    0.476062] pci 0000:00:02.0: vgaarb: setting as boot VGA device
[    0.480000] pci 0000:00:02.0: vgaarb: VGA device added: decodes=io+mem,owns=io+mem,locks=none
[    0.480007] pci 0000:00:02.0: vgaarb: bridge control possible
[    0.484003] vgaarb: loaded
[    0.488041] ACPI: bus type USB registered
[    0.492028] usbcore: registered new interface driver usbfs
[    0.496020] usbcore: registered new interface driver hub
[    0.500040] usbcore: registered new device driver usb
[    0.504070] EDAC MC: Ver: 3.0.0
[    0.508377] PCI: Using ACPI for IRQ routing
[    0.512460] NetLabel: Initializing
[    0.516004] NetLabel:  domain hash size = 128
[    0.520003] NetLabel:  protocols = UNLABELED CIPSOv4 CALIPSO
[    0.524020] NetLabel:  unlabeled traffic allowed by default
[    0.528112] clocksource: Switched to clocksource kvm-clock
[    .58363] VFS:Disk quoas dqot_6..0
[    .719497] FS: Dquot-cache has tabl entrie: 512(orde 0, 409 byte)
[    0.92581] AppArmor: AppArmorFilesystm Enabled
[    1.026077] pnp: PnP ACPI init
[    1.029004] pnp: PnP ACPI: found 3 devices

[    1.043460] clocksource: acpi_pm: mas: 0xfffff max_cyles: 0xffffff, ax_idl_ns: 208570104 ns
[    .20550] NT: Regiteredprotocol faily 2

[    134350] TCP establshedhash abe entres: 812 (oder: 4, 65536 bytes)
[    1.551230] TCPbid hah tableentries: 8192 (orer: 5, 3107 byts)
[    173605] CP: Hash ables conigured(establishd 92 bind 8192)

[    1.942240] UP hash tabe enties:512 (rder: 2, 16384 byts)
[    2.092261] UDP-Lite hash table entries: 512 (order: 2, 16384 bytes)
[    2.093994] NET: Registered protocol family 
[    2.118332] pci 0000:00:00.0: Limiting direct PCI/CI transfers
[    .166971] pi 000:0:01.0: Acivating ISA MA hang orkarunds[    2.37837]pci 000:0:02.: Vido deice wit shadowed RM t [mm 0x00000000x000dffff
[    2711707] Upacking initramfs..

[    3.064876] Freeing initrd memory: 19676K
[    3.077625] clocksource: tsc: mask: 0xffffffffffffffff max_cycles: 0x1fa36e579bf, max_idle_ns: 440795269840 ns
[    3.168553] platform rtc_cmos: registered platform RTC device (no PNP device found)
[    3.193969] Scanning for low memory corruption every 60 seconds
[    3.196382] Initialise system trusted keyrings
[    3.197670] Key type blacklist registered
[    3.199032] workingset: timestamp_bits=36 max_order=18 bucket_order=0
[    3.202001] zbud: loaded
[    3.203369] squashfs: version 4.0 (2009/01/31) Phillip Lougher
[    3.205557] fuse init (API version 7.26)
[    3.213117] Key type asymmetric registered
[    3.214272] Asymmetric key parser 'x509' registered
[    3.215881] Block layer SCSI generic (bsg) driver version 0.4 loaded (major 246)
[    3.218358] io scheduler noop registered
[    3.219588] io scheduler deadline registered
[    3.221059] io scheduler cfq registered (default)
[    3.223088] ACPI: AC Adapter [AC] (off-line)
[    3.224603] input: Power Button as /devices/LNXSYSTM:00/LNXPWRBN:00/input/input0
[    3.230059] ACPI: Power Button [PWRF]
[    3.233176] input: Sleep Button as /devices/LNXSYSTM:00/LNXSLPBN:00/input/input1
[    3.235389] ACPI: Sleep Button [SLPF]
[    3.238530] ACPI: Battery Slot [BAT0] (battery present)
[    3.253795] Serial: 8250/16550 driver, 32 ports, IRQ sharing enabled
[    3.341303] 00:02: ttyS0 at I/O 0x3f8 (irq = 4, base_baud = 115200) is a 16550A
[    3.401711] Linux agpgart interface v0.103
[    3.445076] loop: module loaded
[    3.457553] scsi host0: ata_piix
[    3.469106] scsi host1: ata_piix
[    3.492871] ata1: PATA max UDMA/33 cmd 0x1f0 ctl 0x3f6 bmdma 0xd000 irq 14
[    3.532738] ata2: PATA max UDMA/33 cmd 0x170 ctl 0x376 bmdma 0xd008 irq 15
[    3.582142] libphy: Fixed MDIO Bus: probed
[    3.612720] tun: Universl TUNTAP dvice river, 1.6
[    3.743127] PPP generic driver version 2.4.2
[    3.768994] ehci_hcd: USB 2.0 'Enhanced' Host Controller (EHCI) Driver
[    3.812377] ehci-pci: EHCI PCI platform driver
[    3.856497] ehci-platform: EHCI generic platform driver
[    3.902594] ohi_hcd:USB 1.1 'Opn' Host Controller (OHCI) Driver
[    400217] ohci-pci:OHCI PCIplatform driver[    4114874] ohci-platform: OHCI generic platform driver
[    4.212865] uhci_hcd: USB Universal Host Controller Interface driver
[    4.260715] i8042: PNP: PS/2 Controller [PNP0303:PS2K,PNP0f03:PS2M] at 0x60,0x64 irq 1,12
[    4.285370] serio: i8042 KBD port at 0x60,0x64 irq 1
[    4.287136] serio: i8042 AUX port at 0x60,0x64 irq 12
[    4.296690] mousedev: PS/2 mouse device common for all mice
[    4.299429] input: AT Translated Set 2 keyboard as /devices/platform/i8042/serio0/input/input2
[    4.302392] rtc_cmos rtc_cmos: rtc core: registered rtc_cmos as rtc0
[    4.306181] rtc_cmos rtc_cmos: alarms up to one day, 114 bytes nvram
[    4.308170] i2c /dev entries driver
[    4.309358] device-mapper: uevent: version 1.0.3
[    4.310843] device-mapper: ioctl: 4.37.0-ioctl (2017-09-20) initialised: dm-devel@redhat.com
[    4.313551] ledtrig-cpu: registered to indicate activity on CPUs
[    4.316141] NET: Registered protocol family 10
[    4.325451] Segment Routing with IPv6
[    4.326677] NET: Registered protocol family 17
[    4.329217] Key type dns_resolver registered
[    4.331145] RAS: Correctable Errors collector initialized.
[    4.332559] sched_clock: Marking stable (4332531417, 0)->(10223211794, -5890680377)
[    4.335112] registered taskstats version 1
[    4.336162] Loading compiled-in X.509 certificates
[    4.339919] Loaded X.509 cert 'Build time autogenerated kernel key: e343dd3e31c9820cf0adf0156bc2eecdcfc394af'
[    4.353327] zswap: loaded using pool lzo/zbud
[    4.384956] Key type big_key registered
[    4.405595] Key type trusted registered
[    4.426666] Key type encrypted registered
[    4.448747] AppArmor: AppArmor sha1 policy hashing enabled
[    4.480828] ima: No TPM chip found, activating TPM-bypass! (rc=-19)
[    4.507154] ima: Allocated hash algorithm: sha1
[    4.522896] evm: HMAC attrs: 0x1
[    4.549254]   Magic number: 3:303:834
[    4.577662] rtc_cmos rtc_cmos: setting system clock to 2019-09-03 12:49:08 UTC (1567514948)
[    4.625235] BIOS EDD facility v0.16 2004-Jun-25, 0 devices found
[    4.661413] EDD information not available.
[    4.686584] Freeing unused kernel image memory: 2424K
[    4.732594] Write protecting the kernel read-only data: 20480k
[    5.482770] Freeing unused kernel image memory: 2008K
[    6.001255] Freeing unused kernel image memory: 1864K
[    6.387179] x86/mm: Checked W+X mappings: passed, no W+X pages found.
[    7.660944] x86/mm: Checking user space page tables
[    7.983495] x86/mm: Checked W+X mappings: passed, no W+X pages found.
Loading, please wait...
starting version 237
[    9.264322] e1000: Intel(R) PRO/1000 Network Driver - version 7.3.21-k8-NAPI
[    9.291358] e1000: Copyright (c) 1999-2006 Intel Corporation.
[    9.329579] Fusion MPT base driver 3.04.20
[    9.369290] Copyright (c) 1999-2008 LSI Corporation
[    9.417854] Fusion MPT SPI Host driver 3.04.20
[    9.437057] AVX2 version of gcm_enc/dec engaged.
[    9.473733] AES CTR mode by8 optimization enabled
[    9.616174] input: ImExPS/2 Generic Explorer Mouse as /devices/platform/i8042/serio1/input/input4
[    9.864597] e1000 0000:00:03.0 eth0: (PCI:33MHz:32-bit) 02:14:02:97:50:96
[   10.273023] e1000 0000:00:03.0 eth0: Intel(R) PRO/1000 Network Connection
[   10.305788] mptbase: ioc0: Initiating bringup
[   10.932855] ioc0: LSI53C1030 A0: Capabilities={Initiator}
[   11.656480] scsi host2: ioc0: LSI53C1030 A0, FwRev=00000000h, Ports=1, MaxQ=256, IRQ=20
[   12.260440] scsi 2:0:0:0: Direct-Access     VBOX     HARDDISK         1.0  PQ: 0 ANSI: 5
[   12.640485] scsi target2:0:0: Beginning Domain Validation
[   12.668320] scsi target2:0:0: Domain Validation skipping write tests
[   12.675674] e1000 0000:00:08.0 eth1: (PCI:33MHz:32-bit) 08:00:27:db:da:da
[   12.682505] scsi target2:0:0: Ending Domain Validation
[   12.730870] e1000 0000:00:08.0 eth1: Intel(R) PRO/1000 Network Connection
[   13.304849] scsi target2:0:0: asynchronous
[   13.317969] e1000 0000:00:03.0 enp0s3: renamed from eth0
[   13.354050] scsi 2:0:1:0: Direct-Access     VBOX     HARDDISK         1.0  PQ: 0 ANSI: 5
[   13.425057] e1000 0000:00:08.0 enp0s8: renamed from eth1
[   13.456248] scsi target2:0:1: Beginning Domain Validation
[   13.469569] random: fast init done
[   13.484752] random: systemd-udevd: uninitialized urandom read (16 bytes read)
[   13.485163] random: systemd-udevd: uninitialized urandom read (16 bytes read)
[   13.494842] random: systemd-udevd: uninitialized urandom read (16 bytes read)
[   13.569676] scsi target2:0:1: Domain Validation skipping write tests
[   13.610742] scsi target2:0:1: Ending Domain Validation
[   13.658157] scsi target2:0:1: asynchronous
[   13.672924] sd 2:0:0:0: Attached scsi generic sg0 type 0
[   13.703228] sd 2:0:1:0: Attached scsi generic sg1 type 0
[   13.730913] sd 2:0:0:0: [sda] 20971520 512-byte logical blocks: (10.7 GB/10.0 GiB)
[   13.799691] sd 2:0:0:0: [sda] Write Protect is off
[   13.852017] sd 2:0:1:0: [sdb] 20480 512-byte logical blocks: (10.5 MB/10.0 MiB)
[   14.165188] sd 2:0:0:0: [sda] Incomplete mode parameter data
[   14.165217] sd 2:0:1:0: [sdb] Write Protect is off
[   14.187185] sd 2:0:0:0: [sda] Assuming drive cache: write through
[   14.253250] sd 2:0:1:0: [sdb] Incomplete mode parameter data
[   14.321501] sd 2:0:1:0: [sdb] Assuming drive cache: write through
[   14.352945]  sda: sda1
[   14.375570] sd 2:0:1:0: [sdb] Attached SCSI disk
[   14.401742] sd 2:0:0:0: [sda] Attached SCSI disk
Begin: Loading essential drivers ... [   15.876220] raid6: sse2x1   gen() 10601 MB/s
[   15.936152] raid6: sse2x1   xor()  7676 MB/s
[   15.996233] raid6: sse2x2   gen() 12992 MB/s
[   16.048277] raid6: sse2x2   xor()  8523 MB/s
[   16.116273] raid6: sse2x4   gen() 15380 MB/s
[   16.164154] raid6: sse2x4   xor()  9355 MB/s
[   16.220198] raid6: avx2x1   gen() 20899 MB/s
[   16.280043] raid6: avx2x1   xor() 14463 MB/s
[   16.340103] raid6: avx2x2   gen() 22206 MB/s
[   16.388218] raid6: avx2x2   xor() 14703 MB/s
[   16.452131] raid6: avx2x4   gen() 27352 MB/s
[   16.508236] raid6: avx2x4   xor() 17541 MB/s
[   16.517592] raid6: using algorithm avx2x4 gen() 27352 MB/s
[   16.522511] raid6: .... xor() 17541 MB/s, rmw enabled
[   16.544400] raid6: using avx2x2 recovery algorithm
[   16.559283] xor: automatically using best checksumming function   avx       
[   16.590741] async_tx: api initialized (async)
done.
Begin: Running /scripts/init-premount ... done.
Begin: Mounting root file system ... Beg[   16.651998] Btrfs loaded, crc32c=crc32c-intel
in: Running /scripts/local-top ... done.
Begin: Running /scripts/local-premount ... Scanning for Btrfs filesystems
done.
Warning: fsck no[   16.698215] EXT4-fs (sda1): INFO: recovery required on readonly filesystem
t present, so sk[   16.729247] EXT4-fs (sda1): write access will be enabled during recovery
ipping root file system
[   16.824953] EXT4-fs (sda1): recovery complete
[   16.983585] EXT4-fs (sda1): mounted filesystem with ordered data mode. Opts: (null)
done.
Begin: Running /scripts/local-bottom ... done.
Begin: Running /scripts/init-bottom ... done.
[   17.166526] ip_tables: (C) 2000-2006 Netfilter Core Team
[   17.173186] systemd[1]: systemd 237 running in system mode. (+PAM +AUDIT +SELINUX +IMA +APPARMOR +SMACK +SYSVINIT +UTMP +LIBCRYPTSETUP +GCRYPT +GNUTLS +ACL +XZ +LZ4 +SECCOMP +BLKID +ELFUTILS +KMOD -IDN2 +IDN -PCRE2 default-hierarchy=hybrid)
[   17.259187] systemd[1]: Detected virtualization oracle.
[   17.280802] systemd[1]: Detected architecture x86-64.

Welcome to [1mUbuntu 18.04.2 LTS[0m!

[   17.346305] systemd[1]: Set hostname to <ubuntu-bionic>.
[   17.624986] systemd[1]: Created slice User and Session Slice.
[[0;32m  OK  [0m] Created slice User and Session Slice.
[   17.648889] systemd[1]: Reached target Swap.
[[0;32m  OK  [0m] Reached target Swap.
[   17.689424] systemd[1]: Created slice System Slice.
[[0;32m  OK  [0m] Created slice System Slice.
[   17.740628] systemd[1]: Reached target Slices.
[[0;32m  OK  [0m] Reached target Slices.
[   17.792558] systemd[1]: Listening on LVM2 metadata daemon socket.
[[0;32m  OK  [0m] Listening on LVM2 metadata daemon socket.
[   17.836962] systemd[1]: Listening on /dev/initctl Compatibility Named Pipe.
[[0;32m  OK  [0m] Listening on /dev/initctl Compatibility Named Pipe.
[[0;32m  OK  [0m] Listening on Device-mapper event daemon FIFOs.
[[0;32m  OK  [0m] Listening on Journal Audit Socket.
[[0;32m  OK  [0m] Listening on udev Control Socket.
[[0;32m  OK  [0m] Created slice system-serial\x2dgetty.slice.
[[0;32m  OK  [0m] Created slice system-postgresql.slice.
[[0;32m  OK  [0m] Listening on udev Kernel Socket.
[[0;32m  OK  [0m] Listening on Journal Socket.
         Starting Load Kernel Modules...
         Mounting Kernel [   18.088058] Loading iSCSI transport class v2.0-870.
Debug File System...
[   18.147712] iscsi: registered transport (tcp)
         Starting Set the console keyboard layout...
[   18.193744] iscsi: registered transport (iser)
[[0;32m  OK  [0m] Reached target User and Group Name Lookups.
         Mounting POSIX Message Queue File System...
         Starting udev Coldplug all Devices...
[[0;32m  OK  [0m] Listening on Journal Socket (/dev/log).
         Starting Remount Root and Kernel File S[   18.337434] EXT4-fs (sda1): re-mounted. Opts: (null)
ystems...
[[0;32m  OK  [0m] Set up automount Arbitrary Executab…rmats File System Automount Point.
[[0;32m  OK  [0m] Listening on Network Service Netlink Socket.
[[0;32m  OK  [0m] Reached target System Time Synchronized.
[[0;32m  OK  [0m] Started Forward Password Requests to Wall Directory Watch.
         Starting Uncomplicated firewall...
         Starting Create list of required st…ce nodes for the current kernel...
[[0;32m  OK  [0m] Listening on LVM2 poll daemon socket.
         Starting Monitoring of LVM2 mirrors…ng dmeventd or progress polling...
         Mounting Huge Pages File System...
[[0;32m  OK  [0m] Listening on Syslog Socket.
         Starting Journal Service...
[[0;32m  OK  [0m] Started Load Kernel Modules.
[[0;32m  OK  [0m] Mounted Kernel Debug File System.
[[0;32m  OK  [0m] Started Set the console keyboard layout.
[[0;32m  OK  [0m] Mounted POSIX Message Queue File System.
[[0;32m  OK  [0m] Started Remount Root and Kernel File Systems.
[[0;32m  OK  [0m] Started Uncomplicated firewall.
[[0;32m  OK  [0m] Started Create list of required sta…vice nodes for the current kernel.
[[0;32m  OK  [0m] Started Journal Service.
[[0;32m  OK  [0m] Mounted Huge Pages File System.
[[0;32m  OK  [0m] Started udev Coldplug all Devices.
[[0;32m  OK  [0m] Started LVM2 metadata daemon.
         Starting Create Static Device Nodes in /dev...
         Starting Flush Journal to Persistent Storage...
[   18.729932] random: crng init done
[   18.908735] random: 7 urandom warning(s) missed due to ratelimiting
         Starting Load/Save Random Seed...
         Mounting Kernel Configuration File System...
         Starting Apply Kernel Variables...
         Mounting FUSE Control File System...
[[0;32m  OK  [0m] Started Monitoring of LVM2 mirrors,…sing dmeventd or progress polling.
[[0;32m  OK  [0m] Started Create Static Device Nodes in /dev.
[[0;32m  OK  [0m] Started Load/Save Random Seed.
[[0;32m  OK  [0m] Mounted Kernel Configuration File System.
[[0;32m  OK  [0m] Started Apply Kernel Variables.
[[0;32m  OK  [0m] Mounted FUSE Control File System.
         Starting udev Kernel Device Manager...
[[0;32m  OK  [0m] Reached target Local File Systems (Pre).
[[0;32m  OK  [0m] Reached target Local File Systems.
         Starting Tell Plymouth To Write Out Runtime Data...
         Starting AppArmor initialization...
         Starting ebtables ruleset management...
         Starting Set console font and keymap...
         Mounting Mount unit for core, revision 7396...
         Mounting Mount unit for core, revision 7270...
         Mounting Mount unit for heroku, revision 3799...
         Mounting Mount unit for heroku, revision 3797...
[[0;32m  OK  [0m] Started udev Kernel Device Manager.
[[0;32m  OK  [0m] Started Tell Plymouth To Write Out Runtime Data.
[[0;32m  OK  [0m] Started Set console font and keymap.
[[0;32m  OK  [0m] Started Flush Journal to Persistent Storage.
[[0;32m  OK  [0m] Mounted Mount unit for core, revision 7396.
[[0;32m  OK  [0m] Mounted Mount unit for core, revision 7270.
[[0;32m  OK  [0m] Mounted Mount unit for heroku, revision 3799.
[[0;32m  OK  [0m] Mounted Mount unit for heroku, revision 3797.
         Starting Create Volatile Files and Directories...
[[0;32m  OK  [0m] Started Dispatch Password Requests to Console Directory Watch.
[[0;32m  OK  [0m] Reached target Local Encrypted Volumes.
[[0;32m  OK  [0m] Started ebtables ruleset management.
[[0;32m  OK  [0m] Started Create Volatile Files and Directories.
[[0;32m  OK  [0m] Found device /dev/ttyS0.
         Starting Update UTMP about System Boot/Shutdown...
[[0;32m  OK  [0m] Listening on Load/Save RF Kill Switch Status /dev/rfkill Watch.
[[0;32m  OK  [0m] Started Update UTMP about System Boot/Shutdown.
[[0;32m  OK  [0m] Started AppArmor initialization.
         Starting Initial cloud-init job (pre-networking)...
[   21.148877] cloud-init[615]: Cloud-init v. 19.1-1-gbaa47854-0ubuntu1~18.04.1 running 'init-local' at Tue, 03 Sep 2019 12:49:24 +0000. Up 20.95 seconds.
[[0;32m  OK  [0m] Started Initial cloud-init job (pre-networking).
[[0;32m  OK  [0m] Reached target Network (Pre).
         Starting Network Service...
[[0;32m  OK  [0m] Started Network Service.
         Starting Network Name Resolution...
         Starting Wait for Network to be Configured...
[[0;32m  OK  [0m] Started Network Name Resolution.
[[0;32m  OK  [0m] Reached target Host and Network Name Lookups.
[[0;32m  OK  [0m] Reached target Network.
[[0;32m  OK  [0m] Started Wait for Network to be Configured.
         Starting Initial cloud-init job (metadata service crawler)...
[   23.431738] cloud-init[750]: Cloud-init v. 19.1-1-gbaa47854-0ubuntu1~18.04.1 running 'init' at Tue, 03 Sep 2019 12:49:27 +0000. Up 23.28 seconds.
[   23.464308] cloud-init[750]: ci-info: ++++++++++++++++++++++++++++++++++++++Net device info+++++++++++++++++++++++++++++++++++++++
[   23.504211] cloud-init[750]: ci-info: +--------+------+-----------------------------+---------------+--------+-------------------+
[   23.524528] cloud-init[750]: ci-info: | Device |  Up  |           Address           |      Mask     | Scope  |     Hw-Address    |
[   23.527018] cloud-init[750]: ci-info: +--------+------+-----------------------------+---------------+--------+-------------------+
[   23.529719] cloud-init[750]: ci-info: | enp0s3 | True |          10.0.2.15          | 255.255.255.0 | global | 02:14:02:97:50:96 |
[   23.532254] cloud-init[750]: ci-info: | enp0s3 | True |  fe80::14:2ff:fe97:5096/64  |       .       |  link  | 02:14:02:97:50:96 |
[   23.534720] cloud-init[750]: ci-info: | enp0s8 | True |        192.168.33.10        | 255.255.255.0 | global | 08:00:27:db:da:da |
[   23.568517] cloud-init[750]: ci-info: | enp0s8 | True | fe80::a00:27ff:fedb:dada/64 |       .       |  link  | 08:00:27:db:da:da |
[   23.596683] cloud-init[750]: ci-info: |   lo   | True |          127.0.0.1          |   255.0.0.0   |  host  |         .         |
[[0;32m  OK  [0m] Started Initial cloud-init job (metadata service crawler).
[   23.634978] cloud-init[750]: ci-info: |   lo   | True |           ::1/128           |       .       |  host  |         .         |
[[0;32m  OK  [0m] Reached target System Initialization.
[   23.700711] cloud-init[750]: ci-info: +--------+------+-----------------------------+---------------+--------+-------------------+
         Starting Socket activation for snappy daemon.
[   23.760978] cloud-init[750]: ci-info: +++++++++++++++++++++++++++++Route IPv4 info+++++++++++++++++++++++++++++
[[0;32m  OK  [0m] Started ACPI Events Check.
[   23.799621] cloud-init[750]: ci-info: +-------+--------------+----------+-----------------+-----------+-------+
[   23.853037] [cloud-init[0;32m  OK  [0m[750]: ] ci-info: | Route | Destination  | Gateway  |     Genmask     | Interface | Flags |Listening on Open-iSCSI iscsid Socket.

[[0;32m  OK  [0m] Started Daily apt download activities.
[   23.895842] cloud-init[750]: ci-info: +-------+--------------+----------+-----------------+-----------+-------+
[[0;32m  OK  [0m] Started Daily apt upgrade and clean activities.
[   23.952904] cloud-init[750]: ci-info: |   0   |   0.0.0.0    | 10.0.2.2 |     0.0.0.0     |   enp0s3  |   UG  |
[[0;32m  OK  [0m] Listening on D-Bus System Message Bus Socket.
[   24.012501] cloud-init[750]: ci-info: |   1   |   10.0.2.0   | 0.0.0.0  |  255.255.255.0  |   enp0s3  |   U   |
         Starting LXD - unix socket.
[   24.045385] cloud-init[[0;32m  OK  [0m] Started Message of the Day.
[[0;32m  OK  [0m] Started Daily Cleanup of Temporary Directories.
[[0;32m  OK  [0m] Started Discard unused blocks once a week.
[[0;32m  OK  [0m] Reached target Timers.
[[0;32m  OK  [0m] Reached target Paths.
[[0;32m  OK  [0m] Listening on UUID daemon activation socket.
[750]: ci-info: |   2   |   10.0.2.2   | 0.0.0.0  | 255.255.255.255 |   enp0s3  |   UH  |
[[0;32m  OK  [0m] Listening on ACPID Listen Socket.
[   24.066410] [[0;32m  OK  [0m] Reached target Cloud-config availability.
[[0;32m  OK  [0m] Reached target Network is Online.
cloud-init[750]: ci-info: |   3   | 192.168.33.0 | 0.0.0.0  |  255.255.255.0  |   enp0s8  |   U   |
[   24.092514]          Starting Availability of block devices...
[[0;32m  OK  [0m] Reached target Remote File Systems (Pre).
cloud-init[750]: ci-info: +-------+--------------+----------+-----------------+-----------+-------+
[[0;32m  OK  [0m] Reached target Remote File Systems.
[   24.094566] cloud-init[[750]: [0;32m  OK  [0mci-info: +++++++++++++++++++Route IPv6 info+++++++++++++++++++] 
Listening on Socket activation for snappy daemon.
[[0;32m  OK  [0m] Listening on LXD - unix socket.
[   24.137720] cloud-init[750]: ci-info: +-------+-------------+---------+-----------+-------+
[[0;32m  OK  [0m] Started Availability of block devices.
[   24.181435] [cloud-init[0;32m  OK  [0m[750]: ] ci-info: | Route | Destination | Gateway | Interface | Flags |Reached target Sockets.

[   24.253151] cloud-init[750]: ci-info: +-------+-------------+---------+-----------+-------+
[[0;32m  OK  [0m] Reached target Basic System.
[   24.286601] cloud-init[750]: ci-info: |   1   |  fe80::/64  |    ::   |   enp0s8  |   U   |
         Starting Resets System Activity Data Collector...
[   24.354861] cloud-init[750]: ci-info: |   2   |  fe80::/64  |    ::   |   enp0s3  |   U   |
[[0;32m  OK  [0m] Started Regular background program processing daemon.
[   24.394690] cloud-init[750]: ci-info: |   4   |    local    |    ::   |   enp0s3  |   U   |
         Starting LXD - container startup/shutdown...
[   24.426835] cloud-init[750]: ci-info: |   5   |    local    |    ::   |   enp0s8  |   U   |         Starting Login Service...
         Starting System Logging Service...
         Starting vboxadd.service...

         Starting Accounts Service...
[   24.465695] cloud-init[750]: ci-info: |   6   |   ff00::/8  |    ::   |   enp0s8  |   U   |
         Starting LSB: Record successful boot for GRUB...
[   24.487902] cloud-init[750]: ci-info: |   7   |   ff00::/8  |    ::   |   enp0s3  |   U   |
[   24.496571] cloud-init[750]: ci-info: +-------+-------------+---------+-----------+-------+
[[0;32m  OK  [0m] Started irqbalance daemon.
         Starting PostgreSQL Cluster 10-main...
[[0;32m  OK  [0m] Started D-Bus System Message Bus.
         Starting Permit User Sessions...
         Starting Dispatcher daemon for systemd-networkd...
         Starting LSB: automatic crash report generation...
[[0;32m  OK  [0m] Started FUSE filesystem for LXC.
[[0;32m  OK  [0m] Started Deferred execution scheduler.
         Starting OpenBSD Secure Shell server...
         Starting Snappy daemon...
[[0;32m  OK  [0m] Started System Logging Service.
[[0;32m  OK  [0m] Started Resets System Activity Data Collector.
[[0;32m  OK  [0m] Started LXD - container startup/shutdown.
[[0;32m  OK  [0m] Started Permit User Sessions.
[[0;32m  OK  [0m] Started Login Service.
[[0;32m  OK  [0m] Started OpenBSD Secure Shell server.
         Starting Authorization Manager...
[[0;32m  OK  [0m] Started Unattended Upgrades Shutdown.
         Starting Hold until boot process finishes up...
         Starting Terminate Plymouth Boot Screen...
[[0;32m  OK  [0m] Started Hold until boot process finishes up.
[[0;32m  OK  [0m] Started Terminate Plymouth Boot Screen.
[[0;32m  OK  [0m] Started Authorization Manager.
[[0;32m  OK  [0m] Started Accounts Service.
[[0;32m  OK  [0m] Started Serial Getty on ttyS0.
         Starting Set console scheme...
[[0;32m  OK  [0m] Started LSB: automatic crash report generation.
[[0;32m  OK  [0m] Started Set console scheme.
[[0;32m  OK  [0m] Created slice system-getty.slice.
[[0;32m  OK  [0m] Started Getty on tty1.
[[0;32m  OK  [0m] Reached target Login Prompts.
[[0;32m  OK  [0m] Started Dispatcher daemon for systemd-networkd.
[[0;32m  OK  [0m] Started vboxadd.service.
[[0;32m  OK  [0m] Started LSB: Record successful boot for GRUB.
         Starting vboxadd-service.service...
[[0;32m  OK  [0m] Started vboxadd-service.service.
[[0;32m  OK  [0m] Started Snappy daemon.
         Starting Wait until snapd is fully seeded...
[[0;32m  OK  [0m] Started Wait until snapd is fully seeded.
         Starting Apply the settings specified in cloud-config...
[   26.500368] cloud-init[1308]: Cloud-init v. 19.1-1-gbaa47854-0ubuntu1~18.04.1 running 'modules:config' at Tue, 03 Sep 2019 12:49:30 +0000. Up 26.40 seconds.
[[0;32m  OK  [0m] Started Apply the settings specified in cloud-config.
[[0;32m  OK  [0m] Created slice User Slice of vagrant.
         Starting User Manager for UID 1000...
[[0;32m  OK  [0m] Started Session 1 of user vagrant.
[[0;32m  OK  [0m] Started User Manager for UID 1000.
[[0;32m  OK  [0m] Started PostgreSQL Cluster 10-main.
         Starting PostgreSQL RDBMS...
[[0;32m  OK  [0m] Started PostgreSQL RDBMS.
[[0;32m  OK  [0m] Reached target Multi-User System.
[[0;32m  OK  [0m] Reached target Graphical Interface.
         Starting Update UTMP about System Runlevel Changes...
         Starting Execute cloud user/final scripts...
[[0;32m  OK  [0m] Started Update UTMP about System Runlevel Changes.
[   28.302730] cloud-init[1448]: Cloud-init v. 19.1-1-gbaa47854-0ubuntu1~18.04.1 running 'modules:final' at Tue, 03 Sep 2019 12:49:32 +0000. Up 28.19 seconds.
[   28.340323] cloud-init[1448]: Cloud-init v. 19.1-1-gbaa47854-0ubuntu1~18.04.1 finished at Tue, 03 Sep 2019 12:49:32 +0000. Datasource DataSourceNoCloud [seed=/dev/sdb][dsmode=net].  Up 28.29 seconds
[[0;32m  OK  [0m] Started Execute cloud user/final scripts.
[[0;32m  OK  [0m] Reached target Cloud-init target.

Ubuntu 18.04.2 LTS ubuntu-bionic ttyS0

ubuntu-bionic login: 